 WARN [2018-04-05 02:30:58,077] ({main} ZeppelinConfiguration.java[create]:97) - Failed to load configuration, proceeding with a default
 INFO [2018-04-05 02:30:58,112] ({main} ZeppelinConfiguration.java[create]:109) - Server Host: 0.0.0.0
 INFO [2018-04-05 02:30:58,112] ({main} ZeppelinConfiguration.java[create]:111) - Server Port: 8888
 INFO [2018-04-05 02:30:58,112] ({main} ZeppelinConfiguration.java[create]:115) - Context Path: /
 INFO [2018-04-05 02:30:58,117] ({main} ZeppelinConfiguration.java[create]:116) - Zeppelin Version: 0.7.3
 INFO [2018-04-05 02:30:58,134] ({main} Log.java[initialized]:186) - Logging initialized @326ms
 INFO [2018-04-05 02:30:58,204] ({main} ZeppelinServer.java[setupWebAppContext]:346) - ZeppelinServer Webapp path: /opt/zeppelin/webapps
 INFO [2018-04-05 02:30:58,385] ({main} ZeppelinServer.java[main]:187) - Starting zeppelin server
 INFO [2018-04-05 02:30:58,387] ({main} Server.java[doStart]:327) - jetty-9.2.15.v20160210
 INFO [2018-04-05 02:31:01,737] ({main} StandardDescriptorProcessor.java[visitServlet]:297) - NO JSP Support for /, did not find org.eclipse.jetty.jsp.JettyJspServlet
 WARN [2018-04-05 02:31:01,920] ({main} Helium.java[loadConf]:101) - /opt/zeppelin/conf/helium.json does not exists
 WARN [2018-04-05 02:31:02,316] ({main} Interpreter.java[register]:406) - Static initialization is deprecated for interpreter sql, You should change it to use interpreter-setting.json in your jar or interpreter/{interpreter}/interpreter-setting.json
 INFO [2018-04-05 02:31:02,317] ({main} InterpreterSettingManager.java[init]:305) - Interpreter psql.sql found. class=org.apache.zeppelin.postgresql.PostgreSqlInterpreter
 INFO [2018-04-05 02:31:02,485] ({main} InterpreterSettingManager.java[init]:337) - InterpreterSettingRef name ignite
 INFO [2018-04-05 02:31:02,486] ({main} InterpreterSettingManager.java[init]:337) - InterpreterSettingRef name python
 INFO [2018-04-05 02:31:02,486] ({main} InterpreterSettingManager.java[init]:337) - InterpreterSettingRef name jdbc
 INFO [2018-04-05 02:31:02,487] ({main} InterpreterSettingManager.java[init]:337) - InterpreterSettingRef name psql
 INFO [2018-04-05 02:31:02,487] ({main} InterpreterSettingManager.java[init]:337) - InterpreterSettingRef name lens
 INFO [2018-04-05 02:31:02,487] ({main} InterpreterSettingManager.java[init]:337) - InterpreterSettingRef name pig
 INFO [2018-04-05 02:31:02,488] ({main} InterpreterSettingManager.java[init]:337) - InterpreterSettingRef name flink
 INFO [2018-04-05 02:31:02,488] ({main} InterpreterSettingManager.java[init]:337) - InterpreterSettingRef name angular
 INFO [2018-04-05 02:31:02,488] ({main} InterpreterSettingManager.java[init]:337) - InterpreterSettingRef name livy
 INFO [2018-04-05 02:31:02,488] ({main} InterpreterSettingManager.java[init]:337) - InterpreterSettingRef name file
 INFO [2018-04-05 02:31:02,488] ({main} InterpreterSettingManager.java[init]:337) - InterpreterSettingRef name elasticsearch
 INFO [2018-04-05 02:31:02,488] ({main} InterpreterSettingManager.java[init]:337) - InterpreterSettingRef name cassandra
 INFO [2018-04-05 02:31:02,488] ({main} InterpreterSettingManager.java[init]:337) - InterpreterSettingRef name sh
 INFO [2018-04-05 02:31:02,488] ({main} InterpreterSettingManager.java[init]:337) - InterpreterSettingRef name spark
 INFO [2018-04-05 02:31:02,488] ({main} InterpreterSettingManager.java[init]:337) - InterpreterSettingRef name md
 INFO [2018-04-05 02:31:02,489] ({main} InterpreterSettingManager.java[init]:337) - InterpreterSettingRef name alluxio
 INFO [2018-04-05 02:31:02,489] ({main} InterpreterSettingManager.java[init]:337) - InterpreterSettingRef name bigquery
 INFO [2018-04-05 02:31:02,489] ({main} InterpreterSettingManager.java[init]:337) - InterpreterSettingRef name hbase
 INFO [2018-04-05 02:31:02,489] ({main} InterpreterSettingManager.java[init]:337) - InterpreterSettingRef name kylin
 INFO [2018-04-05 02:31:02,514] ({main} InterpreterSettingManager.java[init]:366) - InterpreterSetting group kylin : id=2DBUKARTQ, name=kylin
 INFO [2018-04-05 02:31:02,514] ({main} InterpreterSettingManager.java[init]:366) - InterpreterSetting group bigquery : id=2DC315D3U, name=bigquery
 INFO [2018-04-05 02:31:02,514] ({main} InterpreterSettingManager.java[init]:366) - InterpreterSetting group md : id=2DCMUNSN2, name=md
 INFO [2018-04-05 02:31:02,514] ({main} InterpreterSettingManager.java[init]:366) - InterpreterSetting group cassandra : id=2DCWW2JMF, name=cassandra
 INFO [2018-04-05 02:31:02,515] ({main} InterpreterSettingManager.java[init]:366) - InterpreterSetting group alluxio : id=2DCPFGP5N, name=alluxio
 INFO [2018-04-05 02:31:02,515] ({main} InterpreterSettingManager.java[init]:366) - InterpreterSetting group spark : id=2DCVZFTXB, name=spark
 INFO [2018-04-05 02:31:02,515] ({main} InterpreterSettingManager.java[init]:366) - InterpreterSetting group hbase : id=2DB8VJXAB, name=hbase
 INFO [2018-04-05 02:31:02,515] ({main} InterpreterSettingManager.java[init]:366) - InterpreterSetting group pig : id=2D9N6SNXT, name=pig
 INFO [2018-04-05 02:31:02,515] ({main} InterpreterSettingManager.java[init]:366) - InterpreterSetting group file : id=2DCSAWMG2, name=file
 INFO [2018-04-05 02:31:02,515] ({main} InterpreterSettingManager.java[init]:366) - InterpreterSetting group angular : id=2DA9F6FJH, name=angular
 INFO [2018-04-05 02:31:02,516] ({main} InterpreterSettingManager.java[init]:366) - InterpreterSetting group lens : id=2DAURKBTU, name=lens
 INFO [2018-04-05 02:31:02,516] ({main} InterpreterSettingManager.java[init]:366) - InterpreterSetting group psql : id=2DD6PPWZC, name=psql
 INFO [2018-04-05 02:31:02,516] ({main} InterpreterSettingManager.java[init]:366) - InterpreterSetting group livy : id=2DBDN7AZX, name=livy
 INFO [2018-04-05 02:31:02,516] ({main} InterpreterSettingManager.java[init]:366) - InterpreterSetting group flink : id=2DAWJYHTD, name=flink
 INFO [2018-04-05 02:31:02,516] ({main} InterpreterSettingManager.java[init]:366) - InterpreterSetting group python : id=2DCBCYZFC, name=python
 INFO [2018-04-05 02:31:02,517] ({main} InterpreterSettingManager.java[init]:366) - InterpreterSetting group jdbc : id=2D9B3JBVA, name=jdbc
 INFO [2018-04-05 02:31:02,517] ({main} InterpreterSettingManager.java[init]:366) - InterpreterSetting group ignite : id=2DCS7K1YD, name=ignite
 INFO [2018-04-05 02:31:02,517] ({main} InterpreterSettingManager.java[init]:366) - InterpreterSetting group elasticsearch : id=2DCU7BQ8R, name=elasticsearch
 INFO [2018-04-05 02:31:02,517] ({main} InterpreterSettingManager.java[init]:366) - InterpreterSetting group sh : id=2D9SG4BDF, name=sh
 INFO [2018-04-05 02:31:02,525] ({main} InterpreterFactory.java[<init>]:130) - shiroEnabled: false
 INFO [2018-04-05 02:31:02,601] ({main} VfsLog.java[info]:138) - Using "/tmp/vfs_cache" as temporary files store.
 INFO [2018-04-05 02:31:02,648] ({main} GitNotebookRepo.java[<init>]:63) - Opening a git repo at '/mnt/zeppelin/notebooks'
 INFO [2018-04-05 02:31:02,868] ({main} NotebookAuthorization.java[loadFromFile]:96) - /opt/zeppelin/conf/notebook-authorization.json
 INFO [2018-04-05 02:31:02,868] ({main} Credentials.java[loadFromFile]:102) - /opt/zeppelin/conf/credentials.json
 INFO [2018-04-05 02:31:02,899] ({main} StdSchedulerFactory.java[instantiate]:1184) - Using default implementation for ThreadExecutor
 INFO [2018-04-05 02:31:02,902] ({main} SimpleThreadPool.java[initialize]:268) - Job execution threads will use class loader of thread: main
 INFO [2018-04-05 02:31:02,915] ({main} SchedulerSignalerImpl.java[<init>]:61) - Initialized Scheduler Signaller of type: class org.quartz.core.SchedulerSignalerImpl
 INFO [2018-04-05 02:31:02,915] ({main} QuartzScheduler.java[<init>]:240) - Quartz Scheduler v.2.2.1 created.
 INFO [2018-04-05 02:31:02,917] ({main} RAMJobStore.java[initialize]:155) - RAMJobStore initialized.
 INFO [2018-04-05 02:31:02,917] ({main} QuartzScheduler.java[initialize]:305) - Scheduler meta-data: Quartz Scheduler (v2.2.1) 'DefaultQuartzScheduler' with instanceId 'NON_CLUSTERED'
  Scheduler class: 'org.quartz.core.QuartzScheduler' - running locally.
  NOT STARTED.
  Currently in standby mode.
  Number of jobs executed: 0
  Using thread pool 'org.quartz.simpl.SimpleThreadPool' - with 10 threads.
  Using job-store 'org.quartz.simpl.RAMJobStore' - which does not support persistence. and is not clustered.

 INFO [2018-04-05 02:31:02,917] ({main} StdSchedulerFactory.java[instantiate]:1339) - Quartz scheduler 'DefaultQuartzScheduler' initialized from default resource file in Quartz package: 'quartz.properties'
 INFO [2018-04-05 02:31:02,918] ({main} StdSchedulerFactory.java[instantiate]:1343) - Quartz scheduler version: 2.2.1
 INFO [2018-04-05 02:31:02,918] ({main} QuartzScheduler.java[start]:575) - Scheduler DefaultQuartzScheduler_$_NON_CLUSTERED started.
 INFO [2018-04-05 02:31:02,919] ({main} Notebook.java[<init>]:127) - Notebook indexing started...
 INFO [2018-04-05 02:31:02,927] ({main} LuceneSearch.java[addIndexDocs]:305) - Indexing 0 notebooks took 7ms
 INFO [2018-04-05 02:31:02,927] ({main} Notebook.java[<init>]:129) - Notebook indexing finished: 0 indexed in 0s
 INFO [2018-04-05 02:31:03,149] ({main} ServerImpl.java[initDestination]:94) - Setting the server's publish address to be /
 INFO [2018-04-05 02:31:03,813] ({main} ContextHandler.java[doStart]:744) - Started o.e.j.w.WebAppContext@17baae6e{/,file:/opt/zeppelin/webapps/webapp/,AVAILABLE}{/opt/zeppelin/zeppelin-web-0.7.3.war}
 INFO [2018-04-05 02:31:03,827] ({main} AbstractConnector.java[doStart]:266) - Started ServerConnector@8b91134{HTTP/1.1}{0.0.0.0:8888}
 INFO [2018-04-05 02:31:03,827] ({main} Server.java[doStart]:379) - Started @6021ms
 INFO [2018-04-05 02:31:03,827] ({main} ZeppelinServer.java[main]:197) - Done, zeppelin server started
 INFO [2018-04-05 16:20:23,836] ({Thread-13} ZeppelinServer.java[run]:201) - Shutting down Zeppelin Server ... 
 INFO [2018-04-05 16:20:23,856] ({Thread-13} AbstractConnector.java[doStop]:306) - Stopped ServerConnector@8b91134{HTTP/1.1}{0.0.0.0:8888}
 INFO [2018-04-05 16:20:23,871] ({Thread-13} ContextHandler.java[doStop]:865) - Stopped o.e.j.w.WebAppContext@17baae6e{/,file:/opt/zeppelin/webapps/webapp/,UNAVAILABLE}{/opt/zeppelin/zeppelin-web-0.7.3.war}
 INFO [2018-04-05 16:20:25,798] ({Thread-13} NotebookRepoSync.java[close]:430) - Closing all notebook storages
