 WARN [2018-04-05 01:50:22,809] ({main} ZeppelinConfiguration.java[create]:97) - Failed to load configuration, proceeding with a default
 INFO [2018-04-05 01:50:22,845] ({main} ZeppelinConfiguration.java[create]:109) - Server Host: 0.0.0.0
 INFO [2018-04-05 01:50:22,845] ({main} ZeppelinConfiguration.java[create]:111) - Server Port: 8888
 INFO [2018-04-05 01:50:22,845] ({main} ZeppelinConfiguration.java[create]:115) - Context Path: /
 INFO [2018-04-05 01:50:22,850] ({main} ZeppelinConfiguration.java[create]:116) - Zeppelin Version: 0.7.3
 INFO [2018-04-05 01:50:22,868] ({main} Log.java[initialized]:186) - Logging initialized @331ms
 INFO [2018-04-05 01:50:22,938] ({main} ZeppelinServer.java[setupWebAppContext]:346) - ZeppelinServer Webapp path: /opt/zeppelin/webapps
 INFO [2018-04-05 01:50:23,100] ({main} ZeppelinServer.java[main]:187) - Starting zeppelin server
 INFO [2018-04-05 01:50:23,102] ({main} Server.java[doStart]:327) - jetty-9.2.15.v20160210
 INFO [2018-04-05 01:50:26,592] ({main} StandardDescriptorProcessor.java[visitServlet]:297) - NO JSP Support for /, did not find org.eclipse.jetty.jsp.JettyJspServlet
 WARN [2018-04-05 01:50:26,804] ({main} Helium.java[loadConf]:101) - /opt/zeppelin/conf/helium.json does not exists
 WARN [2018-04-05 01:50:27,262] ({main} Interpreter.java[register]:406) - Static initialization is deprecated for interpreter sql, You should change it to use interpreter-setting.json in your jar or interpreter/{interpreter}/interpreter-setting.json
 INFO [2018-04-05 01:50:27,263] ({main} InterpreterSettingManager.java[init]:305) - Interpreter psql.sql found. class=org.apache.zeppelin.postgresql.PostgreSqlInterpreter
 INFO [2018-04-05 01:50:27,445] ({main} InterpreterSettingManager.java[init]:337) - InterpreterSettingRef name ignite
 INFO [2018-04-05 01:50:27,445] ({main} InterpreterSettingManager.java[init]:337) - InterpreterSettingRef name python
 INFO [2018-04-05 01:50:27,445] ({main} InterpreterSettingManager.java[init]:337) - InterpreterSettingRef name jdbc
 INFO [2018-04-05 01:50:27,447] ({main} InterpreterSettingManager.java[init]:337) - InterpreterSettingRef name psql
 INFO [2018-04-05 01:50:27,447] ({main} InterpreterSettingManager.java[init]:337) - InterpreterSettingRef name lens
 INFO [2018-04-05 01:50:27,447] ({main} InterpreterSettingManager.java[init]:337) - InterpreterSettingRef name pig
 INFO [2018-04-05 01:50:27,448] ({main} InterpreterSettingManager.java[init]:337) - InterpreterSettingRef name flink
 INFO [2018-04-05 01:50:27,448] ({main} InterpreterSettingManager.java[init]:337) - InterpreterSettingRef name angular
 INFO [2018-04-05 01:50:27,448] ({main} InterpreterSettingManager.java[init]:337) - InterpreterSettingRef name livy
 INFO [2018-04-05 01:50:27,448] ({main} InterpreterSettingManager.java[init]:337) - InterpreterSettingRef name file
 INFO [2018-04-05 01:50:27,448] ({main} InterpreterSettingManager.java[init]:337) - InterpreterSettingRef name elasticsearch
 INFO [2018-04-05 01:50:27,449] ({main} InterpreterSettingManager.java[init]:337) - InterpreterSettingRef name cassandra
 INFO [2018-04-05 01:50:27,449] ({main} InterpreterSettingManager.java[init]:337) - InterpreterSettingRef name sh
 INFO [2018-04-05 01:50:27,449] ({main} InterpreterSettingManager.java[init]:337) - InterpreterSettingRef name spark
 INFO [2018-04-05 01:50:27,449] ({main} InterpreterSettingManager.java[init]:337) - InterpreterSettingRef name md
 INFO [2018-04-05 01:50:27,449] ({main} InterpreterSettingManager.java[init]:337) - InterpreterSettingRef name alluxio
 INFO [2018-04-05 01:50:27,449] ({main} InterpreterSettingManager.java[init]:337) - InterpreterSettingRef name bigquery
 INFO [2018-04-05 01:50:27,449] ({main} InterpreterSettingManager.java[init]:337) - InterpreterSettingRef name hbase
 INFO [2018-04-05 01:50:27,449] ({main} InterpreterSettingManager.java[init]:337) - InterpreterSettingRef name kylin
 INFO [2018-04-05 01:50:27,472] ({main} InterpreterSettingManager.java[init]:366) - InterpreterSetting group file : id=2DADB26TH, name=file
 INFO [2018-04-05 01:50:27,472] ({main} InterpreterSettingManager.java[init]:366) - InterpreterSetting group ignite : id=2DBKQ3Q8V, name=ignite
 INFO [2018-04-05 01:50:27,472] ({main} InterpreterSettingManager.java[init]:366) - InterpreterSetting group kylin : id=2DBKJDGSV, name=kylin
 INFO [2018-04-05 01:50:27,472] ({main} InterpreterSettingManager.java[init]:366) - InterpreterSetting group livy : id=2DCDA8R8T, name=livy
 INFO [2018-04-05 01:50:27,472] ({main} InterpreterSettingManager.java[init]:366) - InterpreterSetting group psql : id=2DA66EW25, name=psql
 INFO [2018-04-05 01:50:27,472] ({main} InterpreterSettingManager.java[init]:366) - InterpreterSetting group pig : id=2DCRPC91R, name=pig
 INFO [2018-04-05 01:50:27,472] ({main} InterpreterSettingManager.java[init]:366) - InterpreterSetting group jdbc : id=2DAMV8VSU, name=jdbc
 INFO [2018-04-05 01:50:27,473] ({main} InterpreterSettingManager.java[init]:366) - InterpreterSetting group elasticsearch : id=2D9AXE7DG, name=elasticsearch
 INFO [2018-04-05 01:50:27,473] ({main} InterpreterSettingManager.java[init]:366) - InterpreterSetting group flink : id=2DC2PBSXX, name=flink
 INFO [2018-04-05 01:50:27,473] ({main} InterpreterSettingManager.java[init]:366) - InterpreterSetting group angular : id=2DC6J6XR3, name=angular
 INFO [2018-04-05 01:50:27,473] ({main} InterpreterSettingManager.java[init]:366) - InterpreterSetting group hbase : id=2DAAMR531, name=hbase
 INFO [2018-04-05 01:50:27,473] ({main} InterpreterSettingManager.java[init]:366) - InterpreterSetting group md : id=2DCNAC9SF, name=md
 INFO [2018-04-05 01:50:27,474] ({main} InterpreterSettingManager.java[init]:366) - InterpreterSetting group cassandra : id=2D9DU28RB, name=cassandra
 INFO [2018-04-05 01:50:27,474] ({main} InterpreterSettingManager.java[init]:366) - InterpreterSetting group bigquery : id=2D9URFZW2, name=bigquery
 INFO [2018-04-05 01:50:27,474] ({main} InterpreterSettingManager.java[init]:366) - InterpreterSetting group alluxio : id=2DC7C66FN, name=alluxio
 INFO [2018-04-05 01:50:27,474] ({main} InterpreterSettingManager.java[init]:366) - InterpreterSetting group python : id=2DB35QU88, name=python
 INFO [2018-04-05 01:50:27,474] ({main} InterpreterSettingManager.java[init]:366) - InterpreterSetting group spark : id=2DA3QPEFW, name=spark
 INFO [2018-04-05 01:50:27,474] ({main} InterpreterSettingManager.java[init]:366) - InterpreterSetting group lens : id=2DBKCHT8R, name=lens
 INFO [2018-04-05 01:50:27,475] ({main} InterpreterSettingManager.java[init]:366) - InterpreterSetting group sh : id=2DCAVYAE9, name=sh
 INFO [2018-04-05 01:50:27,481] ({main} InterpreterFactory.java[<init>]:130) - shiroEnabled: false
 INFO [2018-04-05 01:50:27,562] ({main} VfsLog.java[info]:138) - Using "/tmp/vfs_cache" as temporary files store.
 INFO [2018-04-05 01:50:27,620] ({main} GitNotebookRepo.java[<init>]:63) - Opening a git repo at '/mnt/zeppelin/notebooks'
 INFO [2018-04-05 01:50:27,848] ({main} NotebookAuthorization.java[loadFromFile]:96) - /opt/zeppelin/conf/notebook-authorization.json
 INFO [2018-04-05 01:50:27,849] ({main} Credentials.java[loadFromFile]:102) - /opt/zeppelin/conf/credentials.json
 INFO [2018-04-05 01:50:27,880] ({main} StdSchedulerFactory.java[instantiate]:1184) - Using default implementation for ThreadExecutor
 INFO [2018-04-05 01:50:27,883] ({main} SimpleThreadPool.java[initialize]:268) - Job execution threads will use class loader of thread: main
 INFO [2018-04-05 01:50:27,896] ({main} SchedulerSignalerImpl.java[<init>]:61) - Initialized Scheduler Signaller of type: class org.quartz.core.SchedulerSignalerImpl
 INFO [2018-04-05 01:50:27,897] ({main} QuartzScheduler.java[<init>]:240) - Quartz Scheduler v.2.2.1 created.
 INFO [2018-04-05 01:50:27,898] ({main} RAMJobStore.java[initialize]:155) - RAMJobStore initialized.
 INFO [2018-04-05 01:50:27,898] ({main} QuartzScheduler.java[initialize]:305) - Scheduler meta-data: Quartz Scheduler (v2.2.1) 'DefaultQuartzScheduler' with instanceId 'NON_CLUSTERED'
  Scheduler class: 'org.quartz.core.QuartzScheduler' - running locally.
  NOT STARTED.
  Currently in standby mode.
  Number of jobs executed: 0
  Using thread pool 'org.quartz.simpl.SimpleThreadPool' - with 10 threads.
  Using job-store 'org.quartz.simpl.RAMJobStore' - which does not support persistence. and is not clustered.

 INFO [2018-04-05 01:50:27,899] ({main} StdSchedulerFactory.java[instantiate]:1339) - Quartz scheduler 'DefaultQuartzScheduler' initialized from default resource file in Quartz package: 'quartz.properties'
 INFO [2018-04-05 01:50:27,899] ({main} StdSchedulerFactory.java[instantiate]:1343) - Quartz scheduler version: 2.2.1
 INFO [2018-04-05 01:50:27,899] ({main} QuartzScheduler.java[start]:575) - Scheduler DefaultQuartzScheduler_$_NON_CLUSTERED started.
 INFO [2018-04-05 01:50:27,901] ({main} Notebook.java[<init>]:127) - Notebook indexing started...
 INFO [2018-04-05 01:50:27,909] ({main} LuceneSearch.java[addIndexDocs]:305) - Indexing 0 notebooks took 8ms
 INFO [2018-04-05 01:50:27,909] ({main} Notebook.java[<init>]:129) - Notebook indexing finished: 0 indexed in 0s
 INFO [2018-04-05 01:50:31,455] ({main} ServerImpl.java[initDestination]:94) - Setting the server's publish address to be /
 INFO [2018-04-05 01:50:32,163] ({main} ContextHandler.java[doStart]:744) - Started o.e.j.w.WebAppContext@17baae6e{/,file:/opt/zeppelin/webapps/webapp/,AVAILABLE}{/opt/zeppelin/zeppelin-web-0.7.3.war}
 INFO [2018-04-05 01:50:32,172] ({main} AbstractConnector.java[doStart]:266) - Started ServerConnector@3bae64d0{HTTP/1.1}{0.0.0.0:8888}
 INFO [2018-04-05 01:50:32,172] ({main} Server.java[doStart]:379) - Started @9637ms
 INFO [2018-04-05 01:50:32,172] ({main} ZeppelinServer.java[main]:197) - Done, zeppelin server started
 WARN [2018-04-05 01:50:51,664] ({qtp1874154700-19} SecurityRestApi.java[ticket]:87) - {"status":"OK","message":"","body":{"principal":"anonymous","ticket":"anonymous","roles":"[]"}}
 INFO [2018-04-05 01:50:51,960] ({qtp1874154700-17} NotebookServer.java[onOpen]:157) - New connection from 10.0.1.21 : 58492
 INFO [2018-04-05 02:01:35,308] ({Thread-13} ZeppelinServer.java[run]:201) - Shutting down Zeppelin Server ... 
 INFO [2018-04-05 02:01:35,314] ({qtp1874154700-16} NotebookServer.java[onClose]:364) - Closed connection to 10.0.1.21 : 58492. (1005) null
 INFO [2018-04-05 02:01:35,315] ({Thread-13} AbstractConnector.java[doStop]:306) - Stopped ServerConnector@3bae64d0{HTTP/1.1}{0.0.0.0:8888}
 INFO [2018-04-05 02:01:35,320] ({Thread-13} ContextHandler.java[doStop]:865) - Stopped o.e.j.w.WebAppContext@17baae6e{/,file:/opt/zeppelin/webapps/webapp/,UNAVAILABLE}{/opt/zeppelin/zeppelin-web-0.7.3.war}
 INFO [2018-04-05 02:01:36,863] ({Thread-13} NotebookRepoSync.java[close]:430) - Closing all notebook storages
