 WARN [2018-04-04 22:27:37,589] ({main} ZeppelinConfiguration.java[create]:97) - Failed to load configuration, proceeding with a default
 INFO [2018-04-04 22:27:37,624] ({main} ZeppelinConfiguration.java[create]:109) - Server Host: 0.0.0.0
 INFO [2018-04-04 22:27:37,625] ({main} ZeppelinConfiguration.java[create]:111) - Server Port: 8888
 INFO [2018-04-04 22:27:37,625] ({main} ZeppelinConfiguration.java[create]:115) - Context Path: /
 INFO [2018-04-04 22:27:37,629] ({main} ZeppelinConfiguration.java[create]:116) - Zeppelin Version: 0.7.3
 INFO [2018-04-04 22:27:37,647] ({main} Log.java[initialized]:186) - Logging initialized @349ms
 INFO [2018-04-04 22:27:37,719] ({main} ZeppelinServer.java[setupWebAppContext]:346) - ZeppelinServer Webapp path: /opt/zeppelin/webapps
 INFO [2018-04-04 22:27:37,892] ({main} ZeppelinServer.java[main]:187) - Starting zeppelin server
 INFO [2018-04-04 22:27:37,894] ({main} Server.java[doStart]:327) - jetty-9.2.15.v20160210
 INFO [2018-04-04 22:27:41,497] ({main} StandardDescriptorProcessor.java[visitServlet]:297) - NO JSP Support for /, did not find org.eclipse.jetty.jsp.JettyJspServlet
 WARN [2018-04-04 22:27:41,691] ({main} Helium.java[loadConf]:101) - /opt/zeppelin/conf/helium.json does not exists
 WARN [2018-04-04 22:27:42,158] ({main} Interpreter.java[register]:406) - Static initialization is deprecated for interpreter sql, You should change it to use interpreter-setting.json in your jar or interpreter/{interpreter}/interpreter-setting.json
 INFO [2018-04-04 22:27:42,159] ({main} InterpreterSettingManager.java[init]:305) - Interpreter psql.sql found. class=org.apache.zeppelin.postgresql.PostgreSqlInterpreter
 INFO [2018-04-04 22:27:42,354] ({main} InterpreterSettingManager.java[init]:337) - InterpreterSettingRef name ignite
 INFO [2018-04-04 22:27:42,354] ({main} InterpreterSettingManager.java[init]:337) - InterpreterSettingRef name python
 INFO [2018-04-04 22:27:42,355] ({main} InterpreterSettingManager.java[init]:337) - InterpreterSettingRef name jdbc
 INFO [2018-04-04 22:27:42,356] ({main} InterpreterSettingManager.java[init]:337) - InterpreterSettingRef name psql
 INFO [2018-04-04 22:27:42,357] ({main} InterpreterSettingManager.java[init]:337) - InterpreterSettingRef name lens
 INFO [2018-04-04 22:27:42,357] ({main} InterpreterSettingManager.java[init]:337) - InterpreterSettingRef name pig
 INFO [2018-04-04 22:27:42,357] ({main} InterpreterSettingManager.java[init]:337) - InterpreterSettingRef name flink
 INFO [2018-04-04 22:27:42,357] ({main} InterpreterSettingManager.java[init]:337) - InterpreterSettingRef name angular
 INFO [2018-04-04 22:27:42,357] ({main} InterpreterSettingManager.java[init]:337) - InterpreterSettingRef name livy
 INFO [2018-04-04 22:27:42,357] ({main} InterpreterSettingManager.java[init]:337) - InterpreterSettingRef name file
 INFO [2018-04-04 22:27:42,357] ({main} InterpreterSettingManager.java[init]:337) - InterpreterSettingRef name elasticsearch
 INFO [2018-04-04 22:27:42,357] ({main} InterpreterSettingManager.java[init]:337) - InterpreterSettingRef name cassandra
 INFO [2018-04-04 22:27:42,357] ({main} InterpreterSettingManager.java[init]:337) - InterpreterSettingRef name sh
 INFO [2018-04-04 22:27:42,358] ({main} InterpreterSettingManager.java[init]:337) - InterpreterSettingRef name spark
 INFO [2018-04-04 22:27:42,358] ({main} InterpreterSettingManager.java[init]:337) - InterpreterSettingRef name md
 INFO [2018-04-04 22:27:42,358] ({main} InterpreterSettingManager.java[init]:337) - InterpreterSettingRef name alluxio
 INFO [2018-04-04 22:27:42,358] ({main} InterpreterSettingManager.java[init]:337) - InterpreterSettingRef name bigquery
 INFO [2018-04-04 22:27:42,358] ({main} InterpreterSettingManager.java[init]:337) - InterpreterSettingRef name hbase
 INFO [2018-04-04 22:27:42,358] ({main} InterpreterSettingManager.java[init]:337) - InterpreterSettingRef name kylin
 INFO [2018-04-04 22:27:42,380] ({main} InterpreterSettingManager.java[init]:366) - InterpreterSetting group alluxio : id=2D9RV9QDR, name=alluxio
 INFO [2018-04-04 22:27:42,380] ({main} InterpreterSettingManager.java[init]:366) - InterpreterSetting group elasticsearch : id=2DBDKFF5N, name=elasticsearch
 INFO [2018-04-04 22:27:42,380] ({main} InterpreterSettingManager.java[init]:366) - InterpreterSetting group angular : id=2D9BBXRDA, name=angular
 INFO [2018-04-04 22:27:42,380] ({main} InterpreterSettingManager.java[init]:366) - InterpreterSetting group sh : id=2DAUYKG2U, name=sh
 INFO [2018-04-04 22:27:42,380] ({main} InterpreterSettingManager.java[init]:366) - InterpreterSetting group hbase : id=2DBPKTPKV, name=hbase
 INFO [2018-04-04 22:27:42,380] ({main} InterpreterSettingManager.java[init]:366) - InterpreterSetting group md : id=2DA97UW4D, name=md
 INFO [2018-04-04 22:27:42,380] ({main} InterpreterSettingManager.java[init]:366) - InterpreterSetting group cassandra : id=2DAWMMJBU, name=cassandra
 INFO [2018-04-04 22:27:42,380] ({main} InterpreterSettingManager.java[init]:366) - InterpreterSetting group jdbc : id=2DC8NGV7F, name=jdbc
 INFO [2018-04-04 22:27:42,381] ({main} InterpreterSettingManager.java[init]:366) - InterpreterSetting group flink : id=2DB4YBBQW, name=flink
 INFO [2018-04-04 22:27:42,381] ({main} InterpreterSettingManager.java[init]:366) - InterpreterSetting group python : id=2DC1W9V8D, name=python
 INFO [2018-04-04 22:27:42,381] ({main} InterpreterSettingManager.java[init]:366) - InterpreterSetting group lens : id=2DAGWVKSM, name=lens
 INFO [2018-04-04 22:27:42,381] ({main} InterpreterSettingManager.java[init]:366) - InterpreterSetting group kylin : id=2DBS3M43J, name=kylin
 INFO [2018-04-04 22:27:42,381] ({main} InterpreterSettingManager.java[init]:366) - InterpreterSetting group spark : id=2DCDVGT4S, name=spark
 INFO [2018-04-04 22:27:42,381] ({main} InterpreterSettingManager.java[init]:366) - InterpreterSetting group livy : id=2DAUHNYBE, name=livy
 INFO [2018-04-04 22:27:42,381] ({main} InterpreterSettingManager.java[init]:366) - InterpreterSetting group bigquery : id=2DAVQGVN8, name=bigquery
 INFO [2018-04-04 22:27:42,381] ({main} InterpreterSettingManager.java[init]:366) - InterpreterSetting group file : id=2DBVT5SK7, name=file
 INFO [2018-04-04 22:27:42,381] ({main} InterpreterSettingManager.java[init]:366) - InterpreterSetting group ignite : id=2DCH191EU, name=ignite
 INFO [2018-04-04 22:27:42,382] ({main} InterpreterSettingManager.java[init]:366) - InterpreterSetting group pig : id=2DAGCJMDW, name=pig
 INFO [2018-04-04 22:27:42,382] ({main} InterpreterSettingManager.java[init]:366) - InterpreterSetting group psql : id=2DBQ7V9TH, name=psql
 INFO [2018-04-04 22:27:42,388] ({main} InterpreterFactory.java[<init>]:130) - shiroEnabled: false
 INFO [2018-04-04 22:27:42,447] ({main} VfsLog.java[info]:138) - Using "/tmp/vfs_cache" as temporary files store.
 INFO [2018-04-04 22:27:42,492] ({main} GitNotebookRepo.java[<init>]:63) - Opening a git repo at '/mnt/zeppelin/notebooks'
 INFO [2018-04-04 22:27:42,710] ({main} NotebookAuthorization.java[loadFromFile]:96) - /opt/zeppelin/conf/notebook-authorization.json
 INFO [2018-04-04 22:27:42,711] ({main} Credentials.java[loadFromFile]:102) - /opt/zeppelin/conf/credentials.json
 INFO [2018-04-04 22:27:42,742] ({main} StdSchedulerFactory.java[instantiate]:1184) - Using default implementation for ThreadExecutor
 INFO [2018-04-04 22:27:42,744] ({main} SimpleThreadPool.java[initialize]:268) - Job execution threads will use class loader of thread: main
 INFO [2018-04-04 22:27:42,757] ({main} SchedulerSignalerImpl.java[<init>]:61) - Initialized Scheduler Signaller of type: class org.quartz.core.SchedulerSignalerImpl
 INFO [2018-04-04 22:27:42,758] ({main} QuartzScheduler.java[<init>]:240) - Quartz Scheduler v.2.2.1 created.
 INFO [2018-04-04 22:27:42,759] ({main} RAMJobStore.java[initialize]:155) - RAMJobStore initialized.
 INFO [2018-04-04 22:27:42,760] ({main} QuartzScheduler.java[initialize]:305) - Scheduler meta-data: Quartz Scheduler (v2.2.1) 'DefaultQuartzScheduler' with instanceId 'NON_CLUSTERED'
  Scheduler class: 'org.quartz.core.QuartzScheduler' - running locally.
  NOT STARTED.
  Currently in standby mode.
  Number of jobs executed: 0
  Using thread pool 'org.quartz.simpl.SimpleThreadPool' - with 10 threads.
  Using job-store 'org.quartz.simpl.RAMJobStore' - which does not support persistence. and is not clustered.

 INFO [2018-04-04 22:27:42,760] ({main} StdSchedulerFactory.java[instantiate]:1339) - Quartz scheduler 'DefaultQuartzScheduler' initialized from default resource file in Quartz package: 'quartz.properties'
 INFO [2018-04-04 22:27:42,760] ({main} StdSchedulerFactory.java[instantiate]:1343) - Quartz scheduler version: 2.2.1
 INFO [2018-04-04 22:27:42,760] ({main} QuartzScheduler.java[start]:575) - Scheduler DefaultQuartzScheduler_$_NON_CLUSTERED started.
 INFO [2018-04-04 22:27:42,784] ({main} Notebook.java[<init>]:127) - Notebook indexing started...
 INFO [2018-04-04 22:27:42,809] ({main} LuceneSearch.java[addIndexDocs]:305) - Indexing 0 notebooks took 24ms
 INFO [2018-04-04 22:27:42,809] ({main} Notebook.java[<init>]:129) - Notebook indexing finished: 0 indexed in 0s
 INFO [2018-04-04 22:27:46,553] ({main} ServerImpl.java[initDestination]:94) - Setting the server's publish address to be /
 INFO [2018-04-04 22:27:47,383] ({main} ContextHandler.java[doStart]:744) - Started o.e.j.w.WebAppContext@17baae6e{/,file:/opt/zeppelin/webapps/webapp/,AVAILABLE}{/opt/zeppelin/zeppelin-web-0.7.3.war}
 INFO [2018-04-04 22:27:47,395] ({main} AbstractConnector.java[doStart]:266) - Started ServerConnector@3bae64d0{HTTP/1.1}{0.0.0.0:8888}
 INFO [2018-04-04 22:27:47,396] ({main} Server.java[doStart]:379) - Started @10100ms
 INFO [2018-04-04 22:27:47,396] ({main} ZeppelinServer.java[main]:197) - Done, zeppelin server started
 INFO [2018-04-04 22:30:47,665] ({Thread-13} ZeppelinServer.java[run]:201) - Shutting down Zeppelin Server ... 
 INFO [2018-04-04 22:30:47,668] ({Thread-13} AbstractConnector.java[doStop]:306) - Stopped ServerConnector@3bae64d0{HTTP/1.1}{0.0.0.0:8888}
 INFO [2018-04-04 22:30:47,674] ({Thread-13} ContextHandler.java[doStop]:865) - Stopped o.e.j.w.WebAppContext@17baae6e{/,file:/opt/zeppelin/webapps/webapp/,UNAVAILABLE}{/opt/zeppelin/zeppelin-web-0.7.3.war}
 INFO [2018-04-04 22:30:49,225] ({Thread-13} NotebookRepoSync.java[close]:430) - Closing all notebook storages
