 WARN [2018-04-02 16:32:18,225] ({main} ZeppelinConfiguration.java[create]:97) - Failed to load configuration, proceeding with a default
 INFO [2018-04-02 16:32:18,270] ({main} ZeppelinConfiguration.java[create]:109) - Server Host: 0.0.0.0
 INFO [2018-04-02 16:32:18,270] ({main} ZeppelinConfiguration.java[create]:111) - Server Port: 8888
 INFO [2018-04-02 16:32:18,270] ({main} ZeppelinConfiguration.java[create]:115) - Context Path: /
 INFO [2018-04-02 16:32:18,277] ({main} ZeppelinConfiguration.java[create]:116) - Zeppelin Version: 0.7.3
 INFO [2018-04-02 16:32:18,314] ({main} Log.java[initialized]:186) - Logging initialized @722ms
 INFO [2018-04-02 16:32:18,452] ({main} ZeppelinServer.java[setupWebAppContext]:346) - ZeppelinServer Webapp path: /opt/zeppelin/webapps
 INFO [2018-04-02 16:32:21,142] ({main} ZeppelinServer.java[main]:187) - Starting zeppelin server
 INFO [2018-04-02 16:32:21,145] ({main} Server.java[doStart]:327) - jetty-9.2.15.v20160210
 INFO [2018-04-02 16:32:38,985] ({main} StandardDescriptorProcessor.java[visitServlet]:297) - NO JSP Support for /, did not find org.eclipse.jetty.jsp.JettyJspServlet
 WARN [2018-04-02 16:32:39,194] ({main} Helium.java[loadConf]:101) - /opt/zeppelin/conf/helium.json does not exists
 WARN [2018-04-02 16:32:39,678] ({main} Interpreter.java[register]:406) - Static initialization is deprecated for interpreter sql, You should change it to use interpreter-setting.json in your jar or interpreter/{interpreter}/interpreter-setting.json
 INFO [2018-04-02 16:32:39,679] ({main} InterpreterSettingManager.java[init]:305) - Interpreter psql.sql found. class=org.apache.zeppelin.postgresql.PostgreSqlInterpreter
 INFO [2018-04-02 16:32:39,912] ({main} InterpreterSettingManager.java[init]:337) - InterpreterSettingRef name ignite
 INFO [2018-04-02 16:32:39,912] ({main} InterpreterSettingManager.java[init]:337) - InterpreterSettingRef name python
 INFO [2018-04-02 16:32:39,912] ({main} InterpreterSettingManager.java[init]:337) - InterpreterSettingRef name jdbc
 INFO [2018-04-02 16:32:39,914] ({main} InterpreterSettingManager.java[init]:337) - InterpreterSettingRef name psql
 INFO [2018-04-02 16:32:39,914] ({main} InterpreterSettingManager.java[init]:337) - InterpreterSettingRef name lens
 INFO [2018-04-02 16:32:39,914] ({main} InterpreterSettingManager.java[init]:337) - InterpreterSettingRef name pig
 INFO [2018-04-02 16:32:39,914] ({main} InterpreterSettingManager.java[init]:337) - InterpreterSettingRef name flink
 INFO [2018-04-02 16:32:39,915] ({main} InterpreterSettingManager.java[init]:337) - InterpreterSettingRef name angular
 INFO [2018-04-02 16:32:39,915] ({main} InterpreterSettingManager.java[init]:337) - InterpreterSettingRef name livy
 INFO [2018-04-02 16:32:39,915] ({main} InterpreterSettingManager.java[init]:337) - InterpreterSettingRef name file
 INFO [2018-04-02 16:32:39,915] ({main} InterpreterSettingManager.java[init]:337) - InterpreterSettingRef name elasticsearch
 INFO [2018-04-02 16:32:39,915] ({main} InterpreterSettingManager.java[init]:337) - InterpreterSettingRef name cassandra
 INFO [2018-04-02 16:32:39,915] ({main} InterpreterSettingManager.java[init]:337) - InterpreterSettingRef name sh
 INFO [2018-04-02 16:32:39,916] ({main} InterpreterSettingManager.java[init]:337) - InterpreterSettingRef name spark
 INFO [2018-04-02 16:32:39,916] ({main} InterpreterSettingManager.java[init]:337) - InterpreterSettingRef name md
 INFO [2018-04-02 16:32:39,916] ({main} InterpreterSettingManager.java[init]:337) - InterpreterSettingRef name alluxio
 INFO [2018-04-02 16:32:39,916] ({main} InterpreterSettingManager.java[init]:337) - InterpreterSettingRef name bigquery
 INFO [2018-04-02 16:32:39,916] ({main} InterpreterSettingManager.java[init]:337) - InterpreterSettingRef name hbase
 INFO [2018-04-02 16:32:39,916] ({main} InterpreterSettingManager.java[init]:337) - InterpreterSettingRef name kylin
 INFO [2018-04-02 16:32:39,941] ({main} InterpreterSettingManager.java[init]:366) - InterpreterSetting group alluxio : id=2DCH5HEHH, name=alluxio
 INFO [2018-04-02 16:32:39,942] ({main} InterpreterSettingManager.java[init]:366) - InterpreterSetting group lens : id=2DAKZ9PRK, name=lens
 INFO [2018-04-02 16:32:39,942] ({main} InterpreterSettingManager.java[init]:366) - InterpreterSetting group hbase : id=2D9KDG4UP, name=hbase
 INFO [2018-04-02 16:32:39,942] ({main} InterpreterSettingManager.java[init]:366) - InterpreterSetting group jdbc : id=2DAE2CWE9, name=jdbc
 INFO [2018-04-02 16:32:39,942] ({main} InterpreterSettingManager.java[init]:366) - InterpreterSetting group elasticsearch : id=2DBG5TGKD, name=elasticsearch
 INFO [2018-04-02 16:32:39,942] ({main} InterpreterSettingManager.java[init]:366) - InterpreterSetting group pig : id=2D9DFFHF7, name=pig
 INFO [2018-04-02 16:32:39,942] ({main} InterpreterSettingManager.java[init]:366) - InterpreterSetting group spark : id=2D9B3NNG7, name=spark
 INFO [2018-04-02 16:32:39,942] ({main} InterpreterSettingManager.java[init]:366) - InterpreterSetting group kylin : id=2DC6BPGX6, name=kylin
 INFO [2018-04-02 16:32:39,942] ({main} InterpreterSettingManager.java[init]:366) - InterpreterSetting group livy : id=2DCQ4FTHP, name=livy
 INFO [2018-04-02 16:32:39,943] ({main} InterpreterSettingManager.java[init]:366) - InterpreterSetting group cassandra : id=2DBW6ADSH, name=cassandra
 INFO [2018-04-02 16:32:39,943] ({main} InterpreterSettingManager.java[init]:366) - InterpreterSetting group angular : id=2DAZGF5CA, name=angular
 INFO [2018-04-02 16:32:39,943] ({main} InterpreterSettingManager.java[init]:366) - InterpreterSetting group flink : id=2DBRJSTU2, name=flink
 INFO [2018-04-02 16:32:39,943] ({main} InterpreterSettingManager.java[init]:366) - InterpreterSetting group python : id=2DC1C3ZY1, name=python
 INFO [2018-04-02 16:32:39,943] ({main} InterpreterSettingManager.java[init]:366) - InterpreterSetting group md : id=2D9Q1KD4Z, name=md
 INFO [2018-04-02 16:32:39,943] ({main} InterpreterSettingManager.java[init]:366) - InterpreterSetting group sh : id=2DAUWGCA4, name=sh
 INFO [2018-04-02 16:32:39,943] ({main} InterpreterSettingManager.java[init]:366) - InterpreterSetting group ignite : id=2DBTUZZBR, name=ignite
 INFO [2018-04-02 16:32:39,943] ({main} InterpreterSettingManager.java[init]:366) - InterpreterSetting group file : id=2DBQ3BR3D, name=file
 INFO [2018-04-02 16:32:39,943] ({main} InterpreterSettingManager.java[init]:366) - InterpreterSetting group bigquery : id=2DBV9PGPT, name=bigquery
 INFO [2018-04-02 16:32:39,944] ({main} InterpreterSettingManager.java[init]:366) - InterpreterSetting group psql : id=2DAXJQRUK, name=psql
 INFO [2018-04-02 16:32:39,950] ({main} InterpreterFactory.java[<init>]:130) - shiroEnabled: false
 INFO [2018-04-02 16:32:40,029] ({main} VfsLog.java[info]:138) - Using "/tmp/vfs_cache" as temporary files store.
 INFO [2018-04-02 16:32:40,085] ({main} VFSNotebookRepo.java[setNotebookDirectory]:91) - Notebook dir doesn't exist, create on is file:///mnt/zeppelin/notebooks.
 INFO [2018-04-02 16:32:40,087] ({main} GitNotebookRepo.java[<init>]:63) - Opening a git repo at '/mnt/zeppelin/notebooks'
 INFO [2018-04-02 16:32:40,214] ({main} GitNotebookRepo.java[<init>]:66) - Git repo /mnt/zeppelin/notebooks/.git does not exist, creating a new one
 INFO [2018-04-02 16:32:40,360] ({main} NotebookAuthorization.java[loadFromFile]:96) - /opt/zeppelin/conf/notebook-authorization.json
 INFO [2018-04-02 16:32:40,361] ({main} Credentials.java[loadFromFile]:102) - /opt/zeppelin/conf/credentials.json
 INFO [2018-04-02 16:32:40,405] ({main} StdSchedulerFactory.java[instantiate]:1184) - Using default implementation for ThreadExecutor
 INFO [2018-04-02 16:32:40,409] ({main} SimpleThreadPool.java[initialize]:268) - Job execution threads will use class loader of thread: main
 INFO [2018-04-02 16:32:40,430] ({main} SchedulerSignalerImpl.java[<init>]:61) - Initialized Scheduler Signaller of type: class org.quartz.core.SchedulerSignalerImpl
 INFO [2018-04-02 16:32:40,433] ({main} QuartzScheduler.java[<init>]:240) - Quartz Scheduler v.2.2.1 created.
 INFO [2018-04-02 16:32:40,434] ({main} RAMJobStore.java[initialize]:155) - RAMJobStore initialized.
 INFO [2018-04-02 16:32:40,435] ({main} QuartzScheduler.java[initialize]:305) - Scheduler meta-data: Quartz Scheduler (v2.2.1) 'DefaultQuartzScheduler' with instanceId 'NON_CLUSTERED'
  Scheduler class: 'org.quartz.core.QuartzScheduler' - running locally.
  NOT STARTED.
  Currently in standby mode.
  Number of jobs executed: 0
  Using thread pool 'org.quartz.simpl.SimpleThreadPool' - with 10 threads.
  Using job-store 'org.quartz.simpl.RAMJobStore' - which does not support persistence. and is not clustered.

 INFO [2018-04-02 16:32:40,436] ({main} StdSchedulerFactory.java[instantiate]:1339) - Quartz scheduler 'DefaultQuartzScheduler' initialized from default resource file in Quartz package: 'quartz.properties'
 INFO [2018-04-02 16:32:40,436] ({main} StdSchedulerFactory.java[instantiate]:1343) - Quartz scheduler version: 2.2.1
 INFO [2018-04-02 16:32:40,436] ({main} QuartzScheduler.java[start]:575) - Scheduler DefaultQuartzScheduler_$_NON_CLUSTERED started.
 INFO [2018-04-02 16:32:40,438] ({main} Notebook.java[<init>]:127) - Notebook indexing started...
 INFO [2018-04-02 16:32:40,451] ({main} LuceneSearch.java[addIndexDocs]:305) - Indexing 0 notebooks took 12ms
 INFO [2018-04-02 16:32:40,451] ({main} Notebook.java[<init>]:129) - Notebook indexing finished: 0 indexed in 0s
 INFO [2018-04-02 16:32:43,440] ({main} ServerImpl.java[initDestination]:94) - Setting the server's publish address to be /
 INFO [2018-04-02 16:32:44,166] ({main} ContextHandler.java[doStart]:744) - Started o.e.j.w.WebAppContext@17baae6e{/,file:/opt/zeppelin/webapps/webapp/,AVAILABLE}{/opt/zeppelin/zeppelin-web-0.7.3.war}
 INFO [2018-04-02 16:32:44,177] ({main} AbstractConnector.java[doStart]:266) - Started ServerConnector@f3021cb{HTTP/1.1}{0.0.0.0:8888}
 INFO [2018-04-02 16:32:44,177] ({main} Server.java[doStart]:379) - Started @26590ms
 INFO [2018-04-02 16:32:44,178] ({main} ZeppelinServer.java[main]:197) - Done, zeppelin server started
 INFO [2018-04-02 16:37:01,789] ({Thread-13} ZeppelinServer.java[run]:201) - Shutting down Zeppelin Server ... 
 INFO [2018-04-02 16:37:01,838] ({Thread-13} AbstractConnector.java[doStop]:306) - Stopped ServerConnector@f3021cb{HTTP/1.1}{0.0.0.0:8888}
 INFO [2018-04-02 16:37:01,845] ({Thread-13} ContextHandler.java[doStop]:865) - Stopped o.e.j.w.WebAppContext@17baae6e{/,file:/opt/zeppelin/webapps/webapp/,UNAVAILABLE}{/opt/zeppelin/zeppelin-web-0.7.3.war}
 INFO [2018-04-02 16:37:03,450] ({Thread-13} NotebookRepoSync.java[close]:430) - Closing all notebook storages
