 WARN [2018-04-04 16:43:01,176] ({main} ZeppelinConfiguration.java[create]:97) - Failed to load configuration, proceeding with a default
 INFO [2018-04-04 16:43:01,234] ({main} ZeppelinConfiguration.java[create]:109) - Server Host: 0.0.0.0
 INFO [2018-04-04 16:43:01,234] ({main} ZeppelinConfiguration.java[create]:111) - Server Port: 8888
 INFO [2018-04-04 16:43:01,235] ({main} ZeppelinConfiguration.java[create]:115) - Context Path: /
 INFO [2018-04-04 16:43:01,245] ({main} ZeppelinConfiguration.java[create]:116) - Zeppelin Version: 0.7.3
 INFO [2018-04-04 16:43:01,292] ({main} Log.java[initialized]:186) - Logging initialized @1184ms
 INFO [2018-04-04 16:43:01,392] ({main} ZeppelinServer.java[setupWebAppContext]:346) - ZeppelinServer Webapp path: /opt/zeppelin/webapps
 INFO [2018-04-04 16:43:01,747] ({main} ZeppelinServer.java[main]:187) - Starting zeppelin server
 INFO [2018-04-04 16:43:01,749] ({main} Server.java[doStart]:327) - jetty-9.2.15.v20160210
 INFO [2018-04-04 16:43:05,318] ({main} StandardDescriptorProcessor.java[visitServlet]:297) - NO JSP Support for /, did not find org.eclipse.jetty.jsp.JettyJspServlet
 WARN [2018-04-04 16:43:05,618] ({main} Helium.java[loadConf]:101) - /opt/zeppelin/conf/helium.json does not exists
 WARN [2018-04-04 16:43:08,139] ({main} Interpreter.java[register]:406) - Static initialization is deprecated for interpreter sql, You should change it to use interpreter-setting.json in your jar or interpreter/{interpreter}/interpreter-setting.json
 INFO [2018-04-04 16:43:08,140] ({main} InterpreterSettingManager.java[init]:305) - Interpreter psql.sql found. class=org.apache.zeppelin.postgresql.PostgreSqlInterpreter
 INFO [2018-04-04 16:43:09,026] ({main} InterpreterSettingManager.java[init]:337) - InterpreterSettingRef name ignite
 INFO [2018-04-04 16:43:09,026] ({main} InterpreterSettingManager.java[init]:337) - InterpreterSettingRef name python
 INFO [2018-04-04 16:43:09,027] ({main} InterpreterSettingManager.java[init]:337) - InterpreterSettingRef name jdbc
 INFO [2018-04-04 16:43:09,029] ({main} InterpreterSettingManager.java[init]:337) - InterpreterSettingRef name psql
 INFO [2018-04-04 16:43:09,029] ({main} InterpreterSettingManager.java[init]:337) - InterpreterSettingRef name lens
 INFO [2018-04-04 16:43:09,029] ({main} InterpreterSettingManager.java[init]:337) - InterpreterSettingRef name pig
 INFO [2018-04-04 16:43:09,029] ({main} InterpreterSettingManager.java[init]:337) - InterpreterSettingRef name flink
 INFO [2018-04-04 16:43:09,029] ({main} InterpreterSettingManager.java[init]:337) - InterpreterSettingRef name angular
 INFO [2018-04-04 16:43:09,030] ({main} InterpreterSettingManager.java[init]:337) - InterpreterSettingRef name livy
 INFO [2018-04-04 16:43:09,030] ({main} InterpreterSettingManager.java[init]:337) - InterpreterSettingRef name file
 INFO [2018-04-04 16:43:09,030] ({main} InterpreterSettingManager.java[init]:337) - InterpreterSettingRef name elasticsearch
 INFO [2018-04-04 16:43:09,030] ({main} InterpreterSettingManager.java[init]:337) - InterpreterSettingRef name cassandra
 INFO [2018-04-04 16:43:09,030] ({main} InterpreterSettingManager.java[init]:337) - InterpreterSettingRef name sh
 INFO [2018-04-04 16:43:09,030] ({main} InterpreterSettingManager.java[init]:337) - InterpreterSettingRef name spark
 INFO [2018-04-04 16:43:09,031] ({main} InterpreterSettingManager.java[init]:337) - InterpreterSettingRef name md
 INFO [2018-04-04 16:43:09,031] ({main} InterpreterSettingManager.java[init]:337) - InterpreterSettingRef name alluxio
 INFO [2018-04-04 16:43:09,031] ({main} InterpreterSettingManager.java[init]:337) - InterpreterSettingRef name bigquery
 INFO [2018-04-04 16:43:09,031] ({main} InterpreterSettingManager.java[init]:337) - InterpreterSettingRef name hbase
 INFO [2018-04-04 16:43:09,031] ({main} InterpreterSettingManager.java[init]:337) - InterpreterSettingRef name kylin
 INFO [2018-04-04 16:43:09,072] ({main} InterpreterSettingManager.java[init]:366) - InterpreterSetting group alluxio : id=2DBBMSNZP, name=alluxio
 INFO [2018-04-04 16:43:09,073] ({main} InterpreterSettingManager.java[init]:366) - InterpreterSetting group kylin : id=2DCFTMVW5, name=kylin
 INFO [2018-04-04 16:43:09,073] ({main} InterpreterSettingManager.java[init]:366) - InterpreterSetting group file : id=2DC1WT636, name=file
 INFO [2018-04-04 16:43:09,073] ({main} InterpreterSettingManager.java[init]:366) - InterpreterSetting group angular : id=2DCA19U58, name=angular
 INFO [2018-04-04 16:43:09,073] ({main} InterpreterSettingManager.java[init]:366) - InterpreterSetting group flink : id=2DCTN53QJ, name=flink
 INFO [2018-04-04 16:43:09,073] ({main} InterpreterSettingManager.java[init]:366) - InterpreterSetting group elasticsearch : id=2DBBZ863S, name=elasticsearch
 INFO [2018-04-04 16:43:09,074] ({main} InterpreterSettingManager.java[init]:366) - InterpreterSetting group psql : id=2DAQG62DR, name=psql
 INFO [2018-04-04 16:43:09,074] ({main} InterpreterSettingManager.java[init]:366) - InterpreterSetting group cassandra : id=2DCTN2RSE, name=cassandra
 INFO [2018-04-04 16:43:09,074] ({main} InterpreterSettingManager.java[init]:366) - InterpreterSetting group ignite : id=2DAT5TH2K, name=ignite
 INFO [2018-04-04 16:43:09,074] ({main} InterpreterSettingManager.java[init]:366) - InterpreterSetting group bigquery : id=2DB5Z1RYV, name=bigquery
 INFO [2018-04-04 16:43:09,074] ({main} InterpreterSettingManager.java[init]:366) - InterpreterSetting group spark : id=2DBEATFU1, name=spark
 INFO [2018-04-04 16:43:09,075] ({main} InterpreterSettingManager.java[init]:366) - InterpreterSetting group python : id=2DB7T7NKK, name=python
 INFO [2018-04-04 16:43:09,075] ({main} InterpreterSettingManager.java[init]:366) - InterpreterSetting group md : id=2D9PDC23T, name=md
 INFO [2018-04-04 16:43:09,075] ({main} InterpreterSettingManager.java[init]:366) - InterpreterSetting group sh : id=2DB5YJ52K, name=sh
 INFO [2018-04-04 16:43:09,075] ({main} InterpreterSettingManager.java[init]:366) - InterpreterSetting group lens : id=2DADQQCYH, name=lens
 INFO [2018-04-04 16:43:09,075] ({main} InterpreterSettingManager.java[init]:366) - InterpreterSetting group jdbc : id=2DANVJ6YV, name=jdbc
 INFO [2018-04-04 16:43:09,076] ({main} InterpreterSettingManager.java[init]:366) - InterpreterSetting group livy : id=2DC5YQGPV, name=livy
 INFO [2018-04-04 16:43:09,076] ({main} InterpreterSettingManager.java[init]:366) - InterpreterSetting group hbase : id=2DAV1THKP, name=hbase
 INFO [2018-04-04 16:43:09,076] ({main} InterpreterSettingManager.java[init]:366) - InterpreterSetting group pig : id=2DD3HSTXT, name=pig
 INFO [2018-04-04 16:43:09,088] ({main} InterpreterFactory.java[<init>]:130) - shiroEnabled: false
 INFO [2018-04-04 16:43:09,193] ({main} VfsLog.java[info]:138) - Using "/tmp/vfs_cache" as temporary files store.
 INFO [2018-04-04 16:43:09,278] ({main} GitNotebookRepo.java[<init>]:63) - Opening a git repo at '/mnt/zeppelin/notebooks'
 INFO [2018-04-04 16:43:10,310] ({main} GitNotebookRepo.java[<init>]:66) - Git repo /mnt/zeppelin/notebooks/.git does not exist, creating a new one
 INFO [2018-04-04 16:43:10,533] ({main} NotebookAuthorization.java[loadFromFile]:96) - /opt/zeppelin/conf/notebook-authorization.json
 INFO [2018-04-04 16:43:10,534] ({main} Credentials.java[loadFromFile]:102) - /opt/zeppelin/conf/credentials.json
 INFO [2018-04-04 16:43:10,606] ({main} StdSchedulerFactory.java[instantiate]:1184) - Using default implementation for ThreadExecutor
 INFO [2018-04-04 16:43:10,613] ({main} SimpleThreadPool.java[initialize]:268) - Job execution threads will use class loader of thread: main
 INFO [2018-04-04 16:43:10,637] ({main} SchedulerSignalerImpl.java[<init>]:61) - Initialized Scheduler Signaller of type: class org.quartz.core.SchedulerSignalerImpl
 INFO [2018-04-04 16:43:10,640] ({main} QuartzScheduler.java[<init>]:240) - Quartz Scheduler v.2.2.1 created.
 INFO [2018-04-04 16:43:10,642] ({main} RAMJobStore.java[initialize]:155) - RAMJobStore initialized.
 INFO [2018-04-04 16:43:10,644] ({main} QuartzScheduler.java[initialize]:305) - Scheduler meta-data: Quartz Scheduler (v2.2.1) 'DefaultQuartzScheduler' with instanceId 'NON_CLUSTERED'
  Scheduler class: 'org.quartz.core.QuartzScheduler' - running locally.
  NOT STARTED.
  Currently in standby mode.
  Number of jobs executed: 0
  Using thread pool 'org.quartz.simpl.SimpleThreadPool' - with 10 threads.
  Using job-store 'org.quartz.simpl.RAMJobStore' - which does not support persistence. and is not clustered.

 INFO [2018-04-04 16:43:10,644] ({main} StdSchedulerFactory.java[instantiate]:1339) - Quartz scheduler 'DefaultQuartzScheduler' initialized from default resource file in Quartz package: 'quartz.properties'
 INFO [2018-04-04 16:43:10,644] ({main} StdSchedulerFactory.java[instantiate]:1343) - Quartz scheduler version: 2.2.1
 INFO [2018-04-04 16:43:10,645] ({main} QuartzScheduler.java[start]:575) - Scheduler DefaultQuartzScheduler_$_NON_CLUSTERED started.
 INFO [2018-04-04 16:43:10,647] ({main} Notebook.java[<init>]:127) - Notebook indexing started...
 INFO [2018-04-04 16:43:10,664] ({main} LuceneSearch.java[addIndexDocs]:305) - Indexing 0 notebooks took 16ms
 INFO [2018-04-04 16:43:10,664] ({main} Notebook.java[<init>]:129) - Notebook indexing finished: 0 indexed in 0s
 INFO [2018-04-04 16:43:10,994] ({main} ServerImpl.java[initDestination]:94) - Setting the server's publish address to be /
 INFO [2018-04-04 16:43:11,995] ({main} ContextHandler.java[doStart]:744) - Started o.e.j.w.WebAppContext@17baae6e{/,file:/opt/zeppelin/webapps/webapp/,AVAILABLE}{/opt/zeppelin/zeppelin-web-0.7.3.war}
 INFO [2018-04-04 16:43:12,014] ({main} AbstractConnector.java[doStart]:266) - Started ServerConnector@2a32fb6{HTTP/1.1}{0.0.0.0:8888}
 INFO [2018-04-04 16:43:12,015] ({main} Server.java[doStart]:379) - Started @11915ms
 INFO [2018-04-04 16:43:12,016] ({main} ZeppelinServer.java[main]:197) - Done, zeppelin server started
 INFO [2018-04-04 16:56:26,609] ({Thread-13} ZeppelinServer.java[run]:201) - Shutting down Zeppelin Server ... 
 INFO [2018-04-04 16:56:26,613] ({Thread-13} AbstractConnector.java[doStop]:306) - Stopped ServerConnector@2a32fb6{HTTP/1.1}{0.0.0.0:8888}
 INFO [2018-04-04 16:56:26,618] ({Thread-13} ContextHandler.java[doStop]:865) - Stopped o.e.j.w.WebAppContext@17baae6e{/,file:/opt/zeppelin/webapps/webapp/,UNAVAILABLE}{/opt/zeppelin/zeppelin-web-0.7.3.war}
 INFO [2018-04-04 16:56:28,229] ({Thread-13} NotebookRepoSync.java[close]:430) - Closing all notebook storages
